<?xml version="1.0" encoding="UTF-8"?>
<testng-results ignored="0" total="3" passed="3" failed="0" skipped="0">
  <reporter-output>
  </reporter-output>
  <suite started-at="2024-09-27T22:22:03 IST" name="CrossBrowserTestSuite" finished-at="2024-09-27T22:22:32 IST" duration-ms="29577">
    <groups>
    </groups>
    <test started-at="2024-09-27T22:22:03 IST" name="Chrome Test" finished-at="2024-09-27T22:22:11 IST" duration-ms="8441">
      <class name="crossBrowser_Testing.CrossBrowser_TestNG">
        <test-method is-config="true" signature="crossBrowserTest(java.lang.String)[pri:0, instance:crossBrowser_Testing.CrossBrowser_TestNG@48aca48b]" started-at="2024-09-27T22:22:03 IST" name="crossBrowserTest" finished-at="2024-09-27T22:22:06 IST" duration-ms="2794" status="PASS">
          <params>
            <param index="0">
              <value>
                <![CDATA[chrome]]>
              </value>
            </param>
          </params>
          <reporter-output>
          </reporter-output>
        </test-method> <!-- crossBrowserTest -->
        <test-method signature="openwebsite()[pri:0, instance:crossBrowser_Testing.CrossBrowser_TestNG@48aca48b]" started-at="2024-09-27T22:22:06 IST" name="openwebsite" finished-at="2024-09-27T22:22:11 IST" duration-ms="5212" status="PASS">
          <reporter-output>
          </reporter-output>
        </test-method> <!-- openwebsite -->
        <test-method is-config="true" signature="tearDown()[pri:0, instance:crossBrowser_Testing.CrossBrowser_TestNG@48aca48b]" started-at="2024-09-27T22:22:11 IST" name="tearDown" finished-at="2024-09-27T22:22:11 IST" duration-ms="373" status="PASS">
          <reporter-output>
          </reporter-output>
        </test-method> <!-- tearDown -->
      </class> <!-- crossBrowser_Testing.CrossBrowser_TestNG -->
    </test> <!-- Chrome Test -->
    <test started-at="2024-09-27T22:22:11 IST" name="Firefox Test" finished-at="2024-09-27T22:22:24 IST" duration-ms="12952">
      <class name="crossBrowser_Testing.CrossBrowser_TestNG">
        <test-method is-config="true" signature="crossBrowserTest(java.lang.String)[pri:0, instance:crossBrowser_Testing.CrossBrowser_TestNG@54422e18]" started-at="2024-09-27T22:22:11 IST" name="crossBrowserTest" finished-at="2024-09-27T22:22:17 IST" duration-ms="5354" status="PASS">
          <params>
            <param index="0">
              <value>
                <![CDATA[firefox]]>
              </value>
            </param>
          </params>
          <reporter-output>
          </reporter-output>
        </test-method> <!-- crossBrowserTest -->
        <test-method signature="openwebsite()[pri:0, instance:crossBrowser_Testing.CrossBrowser_TestNG@54422e18]" started-at="2024-09-27T22:22:17 IST" name="openwebsite" finished-at="2024-09-27T22:22:23 IST" duration-ms="6145" status="PASS">
          <reporter-output>
          </reporter-output>
        </test-method> <!-- openwebsite -->
        <test-method is-config="true" signature="tearDown()[pri:0, instance:crossBrowser_Testing.CrossBrowser_TestNG@54422e18]" started-at="2024-09-27T22:22:23 IST" name="tearDown" finished-at="2024-09-27T22:22:24 IST" duration-ms="1450" status="PASS">
          <reporter-output>
          </reporter-output>
        </test-method> <!-- tearDown -->
      </class> <!-- crossBrowser_Testing.CrossBrowser_TestNG -->
    </test> <!-- Firefox Test -->
    <test started-at="2024-09-27T22:22:24 IST" name="Edge Test" finished-at="2024-09-27T22:22:32 IST" duration-ms="8137">
      <class name="crossBrowser_Testing.CrossBrowser_TestNG">
        <test-method is-config="true" signature="crossBrowserTest(java.lang.String)[pri:0, instance:crossBrowser_Testing.CrossBrowser_TestNG@202b0582]" started-at="2024-09-27T22:22:24 IST" name="crossBrowserTest" finished-at="2024-09-27T22:22:25 IST" duration-ms="1234" status="PASS">
          <params>
            <param index="0">
              <value>
                <![CDATA[edge]]>
              </value>
            </param>
          </params>
          <reporter-output>
          </reporter-output>
        </test-method> <!-- crossBrowserTest -->
        <test-method signature="openwebsite()[pri:0, instance:crossBrowser_Testing.CrossBrowser_TestNG@202b0582]" started-at="2024-09-27T22:22:25 IST" name="openwebsite" finished-at="2024-09-27T22:22:31 IST" duration-ms="5647" status="PASS">
          <reporter-output>
          </reporter-output>
        </test-method> <!-- openwebsite -->
        <test-method is-config="true" signature="tearDown()[pri:0, instance:crossBrowser_Testing.CrossBrowser_TestNG@202b0582]" started-at="2024-09-27T22:22:31 IST" name="tearDown" finished-at="2024-09-27T22:22:32 IST" duration-ms="1250" status="PASS">
          <reporter-output>
          </reporter-output>
        </test-method> <!-- tearDown -->
      </class> <!-- crossBrowser_Testing.CrossBrowser_TestNG -->
    </test> <!-- Edge Test -->
  </suite> <!-- CrossBrowserTestSuite -->
</testng-results>
